<?xml version="1.0" encoding="UTF-8"?><testrun name="TestRunner (1)" project="cucumber-java" tests="2" started="2" failures="0" errors="2" ignored="0">
  <testsuite name="com.runner.TestRunner" time="0.242">
    <testsuite name="Booking" time="0.242">
      <testcase name="Booking is successfull #1" classname="Booking" time="0.217">
        <error>io.cucumber.junit.UndefinedStepException: The step 'Enter "Date"' is undefined.
You can implement this step using the snippet(s) below:

@Given("Enter {string}")
public void enter(String string) {
    // Write code here that turns the phrase above into concrete actions
    throw new io.cucumber.java.PendingException();
}
&#13;
&#13;
</error>
      </testcase>
      <testcase name="Booking is successfull #2" classname="Booking" time="0.02">
        <error>io.cucumber.junit.UndefinedStepException: The step 'Enter "Date"' is undefined.
You can implement this step using the snippet(s) below:

@Given("Enter {string}")
public void enter(String string) {
    // Write code here that turns the phrase above into concrete actions
    throw new io.cucumber.java.PendingException();
}
&#13;
&#13;
</error>
      </testcase>
    </testsuite>
  </testsuite>
</testrun>
