<?xml version="1.0" encoding="UTF-8"?><testrun name="TestRunner (1)" project="cucumber-java" tests="1" started="1" failures="0" errors="1" ignored="0">
  <testsuite name="com.runner.TestRunner" time="0.183">
    <testsuite name="Login Functionality" time="0.183">
      <testcase name="To check whether login can be successfull with valid credentials" classname="Login Functionality" time="0.183">
        <error>io.cucumber.junit.UndefinedStepException: The step 'user click on login' and 1 other step(s) are undefined.
You can implement these steps using the snippet(s) below:

@When("user click on login")
public void user_click_on_login() {
    // Write code here that turns the phrase above into concrete actions
    throw new io.cucumber.java.PendingException();
}
@Then("Home screen should be displayed")
public void home_screen_should_be_displayed() {
    // Write code here that turns the phrase above into concrete actions
    throw new io.cucumber.java.PendingException();
}
&#13;
&#13;
</error>
      </testcase>
    </testsuite>
  </testsuite>
</testrun>
