<?xml version="1.0" encoding="UTF-8"?><testrun name="TestRunner (1)" project="cucumber-java" tests="1" started="1" failures="0" errors="1" ignored="0">
  <testsuite name="com.runner.TestRunner" time="0.207">
    <testsuite name="Login Functionality" time="0.207">
      <testcase name="To check whether login can be successfull with valid credentials" classname="Login Functionality" time="0.207">
        <error>io.cucumber.junit.UndefinedStepException: The step 'user click on login' is undefined.
You can implement this step using the snippet(s) below:

@When("user click on login")
public void user_click_on_login() {
    // Write code here that turns the phrase above into concrete actions
    throw new io.cucumber.java.PendingException();
}
&#13;
&#13;
</error>
      </testcase>
    </testsuite>
  </testsuite>
</testrun>
