<?xml version="1.0" encoding="UTF-8"?><testrun name="TestRunner (1)" project="cucumber-java" tests="1" started="1" failures="0" errors="1" ignored="0">
  <testsuite name="com.runner.TestRunner" time="0.388">
    <testsuite name="Booking" time="0.388">
      <testcase name="Booking is successfull" classname="Booking" time="0.388">
        <error>io.cucumber.junit.UndefinedStepException: The step 'Enter Date' and 3 other step(s) are undefined.
You can implement these steps using the snippet(s) below:

@Given("Enter Date")
public void enter_date() {
    // Write code here that turns the phrase above into concrete actions
    throw new io.cucumber.java.PendingException();
}
@Given("Place")
public void place() {
    // Write code here that turns the phrase above into concrete actions
    throw new io.cucumber.java.PendingException();
}
@When("user click book")
public void user_click_book() {
    // Write code here that turns the phrase above into concrete actions
    throw new io.cucumber.java.PendingException();
}
@Then("Ticket should be booked")
public void ticket_should_be_booked() {
    // Write code here that turns the phrase above into concrete actions
    throw new io.cucumber.java.PendingException();
}
&#13;
&#13;
</error>
      </testcase>
    </testsuite>
  </testsuite>
</testrun>
