<?xml version="1.0" encoding="UTF-8"?><testrun name="TestRunner (1)" project="cucumber-java" tests="1" started="1" failures="0" errors="1" ignored="0">
  <testsuite name="com.runner.TestRunner" time="0.114">
    <testsuite name="Booking" time="0.114">
      <testcase name="Booking is successfull" classname="Booking" time="0.114">
        <error>io.cucumber.junit.UndefinedStepException: The step 'Enter nandha' is undefined.
You can implement this step using the snippet(s) below:

@Given("Enter nandha")
public void enter_nandha() {
    // Write code here that turns the phrase above into concrete actions
    throw new io.cucumber.java.PendingException();
}
&#13;
&#13;
</error>
      </testcase>
    </testsuite>
  </testsuite>
</testrun>
