<?xml version="1.0" encoding="UTF-8"?>
<testng-results ignored="0" total="1" passed="1" failed="0" skipped="0">
  <reporter-output>
  </reporter-output>
  <suite started-at="2022-11-11T11:34:02 IST" name="Suite" finished-at="2022-11-11T11:34:20 IST" duration-ms="17581">
    <groups>
    </groups>
    <test started-at="2022-11-11T11:34:02 IST" name="Test" finished-at="2022-11-11T11:34:20 IST" duration-ms="17581">
      <class name="com.TestCases.Login">
        <test-method is-config="true" signature="launchBrowser()[pri:0, instance:com.TestCases.Login@313ac989]" started-at="2022-11-11T11:33:31 IST" name="launchBrowser" finished-at="2022-11-11T11:34:02 IST" duration-ms="31063" status="PASS">
          <reporter-output>
          </reporter-output>
        </test-method> <!-- launchBrowser -->
        <test-method signature="LoginMethod()[pri:0, instance:com.TestCases.Login@313ac989]" started-at="2022-11-11T11:34:02 IST" name="LoginMethod" finished-at="2022-11-11T11:34:20 IST" duration-ms="17514" status="PASS">
          <reporter-output>
          </reporter-output>
        </test-method> <!-- LoginMethod -->
      </class> <!-- com.TestCases.Login -->
    </test> <!-- Test -->
  </suite> <!-- Suite -->
</testng-results>
